<?xml version="1.0" encoding="UTF-8"?>
<!-- Generated by org.testng.reporters.JUnitXMLReporter -->
<testsuite ignored="1" hostname="Nikita" failures="0" tests="5" name="Test" time="11.821" errors="0" timestamp="2024-08-24T17:23:33 IST">
  <testcase classname="com.mystore.testcases.BaseClass" name="@BeforeClass setup" time="7.463">
    <failure type="org.openqa.selenium.SessionNotCreatedException" message="Could not start a new session. Response code 500. Message: session not created: This version of ChromeDriver only supports Chrome version 114
Current browser version is 128.0.6613.85 with binary path C:\Program Files\Google\Chrome\Application\chrome.exe 
Host info: host: &amp;apos;NIKITA&amp;apos;, ip: &amp;apos;192.168.99.172&amp;apos;
Build info: version: &amp;apos;4.16.1&amp;apos;, revision: &amp;apos;9b4c83354e&amp;apos;
System info: os.name: &amp;apos;Windows 11&amp;apos;, os.arch: &amp;apos;amd64&amp;apos;, os.version: &amp;apos;10.0&amp;apos;, java.version: &amp;apos;20&amp;apos;
Driver info: org.openqa.selenium.chrome.ChromeDriver
Command: [null, newSession {capabilities=[Capabilities {browserName: chrome, goog:chromeOptions: {args: [], extensions: []}}]}]">
      <![CDATA[org.openqa.selenium.SessionNotCreatedException: Could not start a new session. Response code 500. Message: session not created: This version of ChromeDriver only supports Chrome version 114
Current browser version is 128.0.6613.85 with binary path C:\Program Files\Google\Chrome\Application\chrome.exe 
Host info: host: 'NIKITA', ip: '192.168.99.172'
Build info: version: '4.16.1', revision: '9b4c83354e'
System info: os.name: 'Windows 11', os.arch: 'amd64', os.version: '10.0', java.version: '20'
Driver info: org.openqa.selenium.chrome.ChromeDriver
Command: [null, newSession {capabilities=[Capabilities {browserName: chrome, goog:chromeOptions: {args: [], extensions: []}}]}]
at org.openqa.selenium.remote.ProtocolHandshake.createSession(ProtocolHandshake.java:140)
at org.openqa.selenium.remote.ProtocolHandshake.createSession(ProtocolHandshake.java:96)
at org.openqa.selenium.remote.ProtocolHandshake.createSession(ProtocolHandshake.java:68)
at org.openqa.selenium.remote.HttpCommandExecutor.execute(HttpCommandExecutor.java:163)
at org.openqa.selenium.remote.service.DriverCommandExecutor.invokeExecute(DriverCommandExecutor.java:200)
at org.openqa.selenium.remote.service.DriverCommandExecutor.execute(DriverCommandExecutor.java:175)
at org.openqa.selenium.remote.RemoteWebDriver.execute(RemoteWebDriver.java:523)
at org.openqa.selenium.remote.RemoteWebDriver.startSession(RemoteWebDriver.java:237)
at org.openqa.selenium.remote.RemoteWebDriver.<init>(RemoteWebDriver.java:164)
at org.openqa.selenium.chromium.ChromiumDriver.<init>(ChromiumDriver.java:114)
at org.openqa.selenium.chrome.ChromeDriver.<init>(ChromeDriver.java:89)
at org.openqa.selenium.chrome.ChromeDriver.<init>(ChromeDriver.java:84)
at org.openqa.selenium.chrome.ChromeDriver.<init>(ChromeDriver.java:52)
at com.mystore.testcases.BaseClass.setup(BaseClass.java:45)
at java.base/java.util.ArrayList.forEach(ArrayList.java:1511)
... Removed 23 stack frames]]>
    </failure>
  </testcase> <!-- @BeforeClass setup -->
  <testcase classname="com.mystore.testcases.BaseClass" name="@AfterClass tearDown" time="-1.724500409615E9">
    <skipped/>
  </testcase> <!-- @AfterClass tearDown -->
  <testcase classname="com.mystore.testcases.BaseClass" name="@BeforeClass setup" time="3.833">
    <failure type="org.openqa.selenium.SessionNotCreatedException" message="Could not start a new session. Response code 500. Message: session not created: This version of ChromeDriver only supports Chrome version 114
Current browser version is 128.0.6613.85 with binary path C:\Program Files\Google\Chrome\Application\chrome.exe 
Host info: host: &amp;apos;NIKITA&amp;apos;, ip: &amp;apos;192.168.99.172&amp;apos;
Build info: version: &amp;apos;4.16.1&amp;apos;, revision: &amp;apos;9b4c83354e&amp;apos;
System info: os.name: &amp;apos;Windows 11&amp;apos;, os.arch: &amp;apos;amd64&amp;apos;, os.version: &amp;apos;10.0&amp;apos;, java.version: &amp;apos;20&amp;apos;
Driver info: org.openqa.selenium.chrome.ChromeDriver
Command: [null, newSession {capabilities=[Capabilities {browserName: chrome, goog:chromeOptions: {args: [], extensions: []}}]}]">
      <![CDATA[org.openqa.selenium.SessionNotCreatedException: Could not start a new session. Response code 500. Message: session not created: This version of ChromeDriver only supports Chrome version 114
Current browser version is 128.0.6613.85 with binary path C:\Program Files\Google\Chrome\Application\chrome.exe 
Host info: host: 'NIKITA', ip: '192.168.99.172'
Build info: version: '4.16.1', revision: '9b4c83354e'
System info: os.name: 'Windows 11', os.arch: 'amd64', os.version: '10.0', java.version: '20'
Driver info: org.openqa.selenium.chrome.ChromeDriver
Command: [null, newSession {capabilities=[Capabilities {browserName: chrome, goog:chromeOptions: {args: [], extensions: []}}]}]
at org.openqa.selenium.remote.ProtocolHandshake.createSession(ProtocolHandshake.java:140)
at org.openqa.selenium.remote.ProtocolHandshake.createSession(ProtocolHandshake.java:96)
at org.openqa.selenium.remote.ProtocolHandshake.createSession(ProtocolHandshake.java:68)
at org.openqa.selenium.remote.HttpCommandExecutor.execute(HttpCommandExecutor.java:163)
at org.openqa.selenium.remote.service.DriverCommandExecutor.invokeExecute(DriverCommandExecutor.java:200)
at org.openqa.selenium.remote.service.DriverCommandExecutor.execute(DriverCommandExecutor.java:175)
at org.openqa.selenium.remote.RemoteWebDriver.execute(RemoteWebDriver.java:523)
at org.openqa.selenium.remote.RemoteWebDriver.startSession(RemoteWebDriver.java:237)
at org.openqa.selenium.remote.RemoteWebDriver.<init>(RemoteWebDriver.java:164)
at org.openqa.selenium.chromium.ChromiumDriver.<init>(ChromiumDriver.java:114)
at org.openqa.selenium.chrome.ChromeDriver.<init>(ChromeDriver.java:89)
at org.openqa.selenium.chrome.ChromeDriver.<init>(ChromeDriver.java:84)
at org.openqa.selenium.chrome.ChromeDriver.<init>(ChromeDriver.java:52)
at com.mystore.testcases.BaseClass.setup(BaseClass.java:45)
at java.base/java.util.ArrayList.forEach(ArrayList.java:1511)
... Removed 23 stack frames]]>
    </failure>
  </testcase> <!-- @BeforeClass setup -->
  <testcase classname="com.mystore.testcases.BaseClass" name="@AfterClass tearDown" time="-1.724500413484E9">
    <skipped/>
  </testcase> <!-- @AfterClass tearDown -->
  <testcase classname="com.mystore.testcases.TC_MyAccountPageTest" name="VerifyLogin" time="0.0">
    <skipped/>
  </testcase> <!-- VerifyLogin -->
  <testcase classname="com.mystore.testcases.TC_MyAccountPageTest" name="VerifySignOut" time="0.0">
    <skipped/>
  </testcase> <!-- VerifySignOut -->
  <testcase classname="com.mystore.testcases.TC_ProductPageTest" name="VerifyBuyProduct" time="0.0">
    <skipped/>
  </testcase> <!-- VerifyBuyProduct -->
  <testcase classname="com.mystore.testcases.TC_ProductPageTest" name="VerifySearchProduct" time="0.0">
    <skipped/>
  </testcase> <!-- VerifySearchProduct -->
  <testcase classname="com.mystore.testcases.TC_ProductPageTest" name="verifyAddToWishlistWithoutLogin" time="0.0">
    <skipped/>
  </testcase> <!-- verifyAddToWishlistWithoutLogin -->
  <testcase classname="com.mystore.testcases.TC_MyAccountPageTest" name="verifyRegistrationAndLogin" time="0.0">
    <ignored/>
  </testcase> <!-- verifyRegistrationAndLogin -->
</testsuite> <!-- Test -->
